<?xml version="1.0" encoding="UTF-8"?>
<!-- Generated by org.testng.reporters.JUnitReportReporter -->
<testsuite skipped="0" hostname="N-091" name="EjercicioFinal.TestFinal" tests="6" failures="0" timestamp="2020-02-12T14:08:29 ART" time="189.896" errors="0">
  <testcase name="loginIncorrecto" time="27.615" classname="EjercicioFinal.TestFinal"/>
  <testcase name="selectTShirt" time="44.255" classname="EjercicioFinal.TestFinal"/>
  <testcase name="clickDress" time="30.458" classname="EjercicioFinal.TestFinal"/>
  <testcase name="searchInex" time="31.281" classname="EjercicioFinal.TestFinal"/>
  <testcase name="searchExis" time="26.908" classname="EjercicioFinal.TestFinal"/>
  <testcase name="clickWomen" time="29.379" classname="EjercicioFinal.TestFinal"/>
</testsuite> <!-- EjercicioFinal.TestFinal -->
